<?xml version="1.0" encoding="UTF-8" standalone="no"?><testsuite errors="1" failures="0" name="Open Application" skipped="0" tests="1" time="208.45" timestamp="2023-01-02 02:27:24"><testcase name="check launch of application using Serenity Bdd"><error message="No such context found.&#10;Build info: version: '4.5.0', revision: 'fe167b119a'&#10;System info: os.name: 'Windows 10', os.arch: 'amd64', os.version: '10.0', java.version: '1.8.0_341'&#10;Driver info: io.appium.java_client.android.AndroidDriver&#10;Command: [c6c6db48784ec1588f161a8e691592a91fb64e6c, switchToContext {name=WEBVIEW_com.androidsample.generalstore}]&#10;Capabilities {appium:appActivity: com.androidsample.generalst..., appium:appPackage: com.androidsample.generalstore, appium:autoAcceptAlerts: true, appium:autoGrantPermissions: true, appium:automationName: uiautomator2, appium:chromedriverPort: 18080, appium:chromedriverPorts: [[18100, 18110]], appium:databaseEnabled: false, appium:desired: {appActivity: com.androidsample.generalst..., appPackage: com.androidsample.generalstore, autoAcceptAlerts: true, autoGrantPermissions: true, automationName: uiautomator2, bstack:options: {appiumVersion: 1.17.0}, chromedriverPort: 18080, chromedriverPorts: [[18100, 18110]], deviceName: google pixel 3, disableSuppressAccessibilityService: true, goog:chromeOptions: {}, nativeWebScreenshot: true, newCommandTimeout: 0, platformName: Android, platformVersion: 10.0, project: notepad-automation, skipServerInstallation: true, systemPort: 8200, udid: 8ARX0XMTH}, appium:deviceApiLevel: 29, appium:deviceManufacturer: Google, appium:deviceModel: Pixel 3, appium:deviceName: 8ARX0XMTH, appium:deviceScreenDensity: 440, appium:deviceScreenSize: 1080x2160, appium:deviceUDID: 8ARX0XMTH, appium:disableSuppressAccessibilityService: true, appium:javascriptEnabled: true, appium:locationContextEnabled: false, appium:nativeWebScreenshot: true, appium:networkConnectionEnabled: true, appium:newCommandTimeout: 0, appium:pixelRatio: 2.75, appium:platformVersion: 10, appium:project: notepad-automation, appium:skipServerInstallation: true, appium:statBarHeight: 66, appium:systemPort: 8200, appium:takesScreenshot: true, appium:udid: 8ARX0XMTH, appium:viewportRect: {height: 1962, left: 0, top: 66, width: 1080}, appium:warnings: {}, appium:webStorageEnabled: false, bstack:options: {appiumVersion: 1.17.0}, goog:chromeOptions: {}, platformName: ANDROID}&#10;Session ID: c6c6db48784ec1588f161a8e691592a91fb64e6c" type="io.appium.java_client.NoSuchContextException">No such context found.
Build info: version: '4.5.0', revision: 'fe167b119a'
System info: os.name: 'Windows 10', os.arch: 'amd64', os.version: '10.0', java.version: '1.8.0_341'
Driver info: io.appium.java_client.android.AndroidDriver
Command: [c6c6db48784ec1588f161a8e691592a91fb64e6c, switchToContext {name=WEBVIEW_com.androidsample.generalstore}]
Capabilities {appium:appActivity: com.androidsample.generalst..., appium:appPackage: com.androidsample.generalstore, appium:autoAcceptAlerts: true, appium:autoGrantPermissions: true, appium:automationName: uiautomator2, appium:chromedriverPort: 18080, appium:chromedriverPorts: [[18100, 18110]], appium:databaseEnabled: false, appium:desired: {appActivity: com.androidsample.generalst..., appPackage: com.androidsample.generalstore, autoAcceptAlerts: true, autoGrantPermissions: true, automationName: uiautomator2, bstack:options: {appiumVersion: 1.17.0}, chromedriverPort: 18080, chromedriverPorts: [[18100, 18110]], deviceName: google pixel 3, disableSuppressAccessibilityService: true, goog:chromeOptions: {}, nativeWebScreenshot: true, newCommandTimeout: 0, platformName: Android, platformVersion: 10.0, project: notepad-automation, skipServerInstallation: true, systemPort: 8200, udid: 8ARX0XMTH}, appium:deviceApiLevel: 29, appium:deviceManufacturer: Google, appium:deviceModel: Pixel 3, appium:deviceName: 8ARX0XMTH, appium:deviceScreenDensity: 440, appium:deviceScreenSize: 1080x2160, appium:deviceUDID: 8ARX0XMTH, appium:disableSuppressAccessibilityService: true, appium:javascriptEnabled: true, appium:locationContextEnabled: false, appium:nativeWebScreenshot: true, appium:networkConnectionEnabled: true, appium:newCommandTimeout: 0, appium:pixelRatio: 2.75, appium:platformVersion: 10, appium:project: notepad-automation, appium:skipServerInstallation: true, appium:statBarHeight: 66, appium:systemPort: 8200, appium:takesScreenshot: true, appium:udid: 8ARX0XMTH, appium:viewportRect: {height: 1962, left: 0, top: 66, width: 1080}, appium:warnings: {}, appium:webStorageEnabled: false, bstack:options: {appiumVersion: 1.17.0}, goog:chromeOptions: {}, platformName: ANDROID}
Session ID: c6c6db48784ec1588f161a8e691592a91fb64e6c</error><system-err>No such context found.
Build info: version: '4.5.0', revision: 'fe167b119a'
System info: os.name: 'Windows 10', os.arch: 'amd64', os.version: '10.0', java.version: '1.8.0_341'
Driver info: io.appium.java_client.android.AndroidDriver
Command: [c6c6db48784ec1588f161a8e691592a91fb64e6c, switchToContext {name=WEBVIEW_com.androidsample.generalstore}]
Capabilities {appium:appActivity: com.androidsample.generalst..., appium:appPackage: com.androidsample.generalstore, appium:autoAcceptAlerts: true, appium:autoGrantPermissions: true, appium:automationName: uiautomator2, appium:chromedriverPort: 18080, appium:chromedriverPorts: [[18100, 18110]], appium:databaseEnabled: false, appium:desired: {appActivity: com.androidsample.generalst..., appPackage: com.androidsample.generalstore, autoAcceptAlerts: true, autoGrantPermissions: true, automationName: uiautomator2, bstack:options: {appiumVersion: 1.17.0}, chromedriverPort: 18080, chromedriverPorts: [[18100, 18110]], deviceName: google pixel 3, disableSuppressAccessibilityService: true, goog:chromeOptions: {}, nativeWebScreenshot: true, newCommandTimeout: 0, platformName: Android, platformVersion: 10.0, project: notepad-automation, skipServerInstallation: true, systemPort: 8200, udid: 8ARX0XMTH}, appium:deviceApiLevel: 29, appium:deviceManufacturer: Google, appium:deviceModel: Pixel 3, appium:deviceName: 8ARX0XMTH, appium:deviceScreenDensity: 440, appium:deviceScreenSize: 1080x2160, appium:deviceUDID: 8ARX0XMTH, appium:disableSuppressAccessibilityService: true, appium:javascriptEnabled: true, appium:locationContextEnabled: false, appium:nativeWebScreenshot: true, appium:networkConnectionEnabled: true, appium:newCommandTimeout: 0, appium:pixelRatio: 2.75, appium:platformVersion: 10, appium:project: notepad-automation, appium:skipServerInstallation: true, appium:statBarHeight: 66, appium:systemPort: 8200, appium:takesScreenshot: true, appium:udid: 8ARX0XMTH, appium:viewportRect: {height: 1962, left: 0, top: 66, width: 1080}, appium:warnings: {}, appium:webStorageEnabled: false, bstack:options: {appiumVersion: 1.17.0}, goog:chromeOptions: {}, platformName: ANDROID}
Session ID: c6c6db48784ec1588f161a8e691592a91fb64e6c&#13;
io.appium.java_client.remote.SupportsContextSwitching.context(SupportsContextSwitching.java:48)&#13;
com.gemini.generic.UiPage.Demo2.visit(Demo2.java:281)&#13;
com.gemini.generic.Steps.Demo2Steps.websit(Demo2Steps.java:141)&#13;
com.gemini.generic.StepDefinition.ApkDemos.web(ApkDemos.java:160)&#13;
io.cucumber.java.Invoker.doInvoke(Invoker.java:66)&#13;
io.cucumber.java.Invoker.invoke(Invoker.java:24)&#13;
io.cucumber.java.AbstractGlueDefinition.invokeMethod(AbstractGlueDefinition.java:47)&#13;
io.cucumber.java.JavaStepDefinition.execute(JavaStepDefinition.java:29)&#13;
io.cucumber.core.runner.CoreStepDefinition.execute(CoreStepDefinition.java:66)&#13;
io.cucumber.core.runner.PickleStepDefinitionMatch.runStep(PickleStepDefinitionMatch.java:63)&#13;
io.cucumber.core.runner.TestStep.executeStep(TestStep.java:85)&#13;
io.cucumber.core.runner.TestStep.run(TestStep.java:57)&#13;
io.cucumber.core.runner.PickleStepTestStep.run(PickleStepTestStep.java:51)&#13;
io.cucumber.core.runner.TestCase.run(TestCase.java:84)&#13;
io.cucumber.core.runner.Runner.runPickle(Runner.java:75)&#13;
io.cucumber.core.runtime.CucumberExecutionContext.lambda$runTestCase$5(CucumberExecutionContext.java:129)&#13;
io.cucumber.core.runtime.RethrowingThrowableCollector.executeAndThrow(RethrowingThrowableCollector.java:23)&#13;
io.cucumber.core.runtime.CucumberExecutionContext.runTestCase(CucumberExecutionContext.java:129)&#13;
io.cucumber.junit.FeatureRunner.runChild(FeatureRunner.java:144)&#13;
io.cucumber.junit.FeatureRunner.runChild(FeatureRunner.java:28)&#13;
io.cucumber.junit.FeatureRunner.run(FeatureRunner.java:137)&#13;
io.cucumber.junit.CucumberSerenityRunner.runChild(CucumberSerenityRunner.java:259)&#13;
io.cucumber.junit.CucumberSerenityRunner.runChild(CucumberSerenityRunner.java:59)&#13;
</system-err></testcase></testsuite>